{"/Users/yongsuek/MrCamel/MrCamelClient/pages/login.tsx": {"path":"/Users/yongsuek/MrCamel/MrCamelClient/pages/login.tsx","statementMap":{"0":{"start":{"line":12,"column":22},"end":{"line":16,"column":8}},"1":{"start":{"line":13,"column":4},"end":{"line":15,"column":7}},"2":{"start":{"line":18,"column":2},"end":{"line":22,"column":9}},"3":{"start":{"line":19,"column":4},"end":{"line":21,"column":5}},"4":{"start":{"line":20,"column":6},"end":{"line":20,"column":50}},"5":{"start":{"line":24,"column":2},"end":{"line":72,"column":4}},"6":{"start":{"line":75,"column":25},"end":{"line":80,"column":1}},"7":{"start":{"line":82,"column":22},"end":{"line":92,"column":1}}},"fnMap":{"0":{"name":"Login","decl":{"start":{"line":11,"column":9},"end":{"line":11,"column":14}},"loc":{"start":{"line":11,"column":17},"end":{"line":73,"column":1}},"line":11},"1":{"name":"(anonymous_1)","decl":{"start":{"line":12,"column":34},"end":{"line":12,"column":35}},"loc":{"start":{"line":12,"column":40},"end":{"line":16,"column":3}},"line":12},"2":{"name":"(anonymous_2)","decl":{"start":{"line":18,"column":12},"end":{"line":18,"column":13}},"loc":{"start":{"line":18,"column":18},"end":{"line":22,"column":3}},"line":18}},"branchMap":{"0":{"loc":{"start":{"line":19,"column":4},"end":{"line":21,"column":5}},"type":"if","locations":[{"start":{"line":19,"column":4},"end":{"line":21,"column":5}},{"start":{},"end":{}}],"line":19}},"s":{"0":1,"1":0,"2":1,"3":1,"4":1,"5":1,"6":1,"7":1},"f":{"0":1,"1":0,"2":1},"b":{"0":[1,0]},"_coverageSchema":"1a1c01bbd47fc00a2c39e90264f33305004495a9","hash":"ecf4bce170312008fbe2ab61d042246cee921689"}
}
